<?xml version="1.0" encoding="UTF-8"?>
<testng-results skipped="0" failed="0" total="1" passed="1">
  <reporter-output>
  </reporter-output>
  <suite name="Tests" duration-ms="16881" started-at="2015-06-06T23:05:16Z" finished-at="2015-06-06T23:05:33Z">
    <groups>
    </groups>
    <test name="Test1" duration-ms="16881" started-at="2015-06-06T23:05:16Z" finished-at="2015-06-06T23:05:33Z">
      <class name="ru.st.selenium.LoginTest">
        <test-method status="PASS" signature="init()[pri:0, instance:ru.st.selenium.LoginTest@59a6e353]" name="init" is-config="true" duration-ms="13440" started-at="2015-06-07T02:05:16Z" finished-at="2015-06-07T02:05:29Z">
          <reporter-output>
          </reporter-output>
        </test-method> <!-- init -->
        <test-method status="PASS" signature="testUntitled()[pri:0, instance:ru.st.selenium.LoginTest@59a6e353]" name="testUntitled" duration-ms="3429" started-at="2015-06-07T02:05:29Z" finished-at="2015-06-07T02:05:33Z">
          <reporter-output>
          </reporter-output>
        </test-method> <!-- testUntitled -->
        <test-method status="PASS" signature="tearDown()[pri:0, instance:ru.st.selenium.LoginTest@59a6e353]" name="tearDown" is-config="true" duration-ms="326" started-at="2015-06-07T02:05:33Z" finished-at="2015-06-07T02:05:33Z">
          <reporter-output>
          </reporter-output>
        </test-method> <!-- tearDown -->
      </class> <!-- ru.st.selenium.LoginTest -->
    </test> <!-- Test1 -->
  </suite> <!-- Tests -->
</testng-results>
