<?xml version="1.0" encoding="UTF-8"?>
<testng-results skipped="0" failed="0" total="1" passed="1">
  <reporter-output>
  </reporter-output>
  <suite name="Default suite" duration-ms="28175" started-at="2015-06-07T12:07:06Z" finished-at="2015-06-07T12:07:35Z">
    <groups>
    </groups>
    <test name="Default test" duration-ms="28175" started-at="2015-06-07T12:07:06Z" finished-at="2015-06-07T12:07:35Z">
      <class name="ru.st.selenium.LoginTest">
        <test-method status="PASS" signature="init()[pri:0, instance:ru.st.selenium.LoginTest@6debcae2]" name="init" is-config="true" duration-ms="13518" started-at="2015-06-07T15:07:06Z" finished-at="2015-06-07T15:07:20Z">
          <reporter-output>
          </reporter-output>
        </test-method> <!-- init -->
        <test-method status="PASS" signature="testUntitled()[pri:0, instance:ru.st.selenium.LoginTest@6debcae2]" name="testUntitled" duration-ms="14634" started-at="2015-06-07T15:07:20Z" finished-at="2015-06-07T15:07:35Z">
          <reporter-output>
          </reporter-output>
        </test-method> <!-- testUntitled -->
        <test-method status="PASS" signature="tearDown()[pri:0, instance:ru.st.selenium.LoginTest@6debcae2]" name="tearDown" is-config="true" duration-ms="244" started-at="2015-06-07T15:07:35Z" finished-at="2015-06-07T15:07:35Z">
          <reporter-output>
          </reporter-output>
        </test-method> <!-- tearDown -->
      </class> <!-- ru.st.selenium.LoginTest -->
    </test> <!-- Default test -->
  </suite> <!-- Default suite -->
</testng-results>
